0 info it worked if it ends with ok
1 verbose cli [ '/usr/local/bin/node',
1 verbose cli   '/usr/local/bin/npm',
1 verbose cli   'install',
1 verbose cli   '--save',
1 verbose cli   'ng-image-input-with-preview' ]
2 info using npm@3.10.10
3 info using node@v6.11.2
4 silly loadCurrentTree Starting
5 silly install loadCurrentTree
6 silly install readLocalPackageData
7 silly fetchPackageMetaData ng-image-input-with-preview
8 silly fetchNamedPackageData ng-image-input-with-preview
9 silly mapToRegistry name ng-image-input-with-preview
10 silly mapToRegistry using default registry
11 silly mapToRegistry registry https://registry.npmjs.org/
12 silly mapToRegistry data Result {
12 silly mapToRegistry   raw: 'ng-image-input-with-preview',
12 silly mapToRegistry   scope: null,
12 silly mapToRegistry   escapedName: 'ng-image-input-with-preview',
12 silly mapToRegistry   name: 'ng-image-input-with-preview',
12 silly mapToRegistry   rawSpec: '',
12 silly mapToRegistry   spec: 'latest',
12 silly mapToRegistry   type: 'tag' }
13 silly mapToRegistry uri https://registry.npmjs.org/ng-image-input-with-preview
14 verbose request uri https://registry.npmjs.org/ng-image-input-with-preview
15 verbose request no auth needed
16 info attempt registry request try #1 at 7:05:46 PM
17 verbose request id 6ef32c288440fd37
18 verbose etag W/"550f1c30-26c2"
19 verbose lastModified Sun, 22 Mar 2015 19:46:56 GMT
20 http request GET https://registry.npmjs.org/ng-image-input-with-preview
21 http 304 https://registry.npmjs.org/ng-image-input-with-preview
22 verbose headers { date: 'Sun, 27 Aug 2017 23:05:45 GMT',
22 verbose headers   via: '1.1 varnish',
22 verbose headers   'cache-control': 'max-age=300',
22 verbose headers   etag: 'W/"550f1c30-26c2"',
22 verbose headers   age: '148',
22 verbose headers   connection: 'keep-alive',
22 verbose headers   'x-served-by': 'cache-dca17720-DCA',
22 verbose headers   'x-cache': 'HIT',
22 verbose headers   'x-cache-hits': '1',
22 verbose headers   'x-timer': 'S1503875146.829163,VS0,VE0',
22 verbose headers   vary: 'Accept-Encoding, Accept' }
23 silly get cb [ 304,
23 silly get   { date: 'Sun, 27 Aug 2017 23:05:45 GMT',
23 silly get     via: '1.1 varnish',
23 silly get     'cache-control': 'max-age=300',
23 silly get     etag: 'W/"550f1c30-26c2"',
23 silly get     age: '148',
23 silly get     connection: 'keep-alive',
23 silly get     'x-served-by': 'cache-dca17720-DCA',
23 silly get     'x-cache': 'HIT',
23 silly get     'x-cache-hits': '1',
23 silly get     'x-timer': 'S1503875146.829163,VS0,VE0',
23 silly get     vary: 'Accept-Encoding, Accept' } ]
24 verbose etag https://registry.npmjs.org/ng-image-input-with-preview from cache
25 verbose get saving ng-image-input-with-preview to /Users/Matt/.npm/registry.npmjs.org/ng-image-input-with-preview/.cache.json
26 verbose correctMkdir /Users/Matt/.npm correctMkdir not in flight; initializing
27 silly install normalizeTree
28 silly loadCurrentTree Finishing
29 silly loadIdealTree Starting
30 silly install loadIdealTree
31 silly cloneCurrentTree Starting
32 silly install cloneCurrentTreeToIdealTree
33 silly cloneCurrentTree Finishing
34 silly loadShrinkwrap Starting
35 silly install loadShrinkwrap
36 silly loadShrinkwrap Finishing
37 silly loadAllDepsIntoIdealTree Starting
38 silly install loadAllDepsIntoIdealTree
39 silly resolveWithNewModule ng-image-input-with-preview@0.0.5 checking installable status
40 silly cache add args [ 'ng-image-input-with-preview', null ]
41 verbose cache add spec ng-image-input-with-preview
42 silly cache add parsed spec Result {
42 silly cache add   raw: 'ng-image-input-with-preview',
42 silly cache add   scope: null,
42 silly cache add   escapedName: 'ng-image-input-with-preview',
42 silly cache add   name: 'ng-image-input-with-preview',
42 silly cache add   rawSpec: '',
42 silly cache add   spec: 'latest',
42 silly cache add   type: 'tag' }
43 silly addNamed ng-image-input-with-preview@latest
44 verbose addNamed "latest" is being treated as a dist-tag for ng-image-input-with-preview
45 info addNameTag [ 'ng-image-input-with-preview', 'latest' ]
46 silly mapToRegistry name ng-image-input-with-preview
47 silly mapToRegistry using default registry
48 silly mapToRegistry registry https://registry.npmjs.org/
49 silly mapToRegistry data Result {
49 silly mapToRegistry   raw: 'ng-image-input-with-preview',
49 silly mapToRegistry   scope: null,
49 silly mapToRegistry   escapedName: 'ng-image-input-with-preview',
49 silly mapToRegistry   name: 'ng-image-input-with-preview',
49 silly mapToRegistry   rawSpec: '',
49 silly mapToRegistry   spec: 'latest',
49 silly mapToRegistry   type: 'tag' }
50 silly mapToRegistry uri https://registry.npmjs.org/ng-image-input-with-preview
51 verbose addNameTag registry:https://registry.npmjs.org/ng-image-input-with-preview not in flight; fetching
52 verbose get https://registry.npmjs.org/ng-image-input-with-preview not expired, no request
53 silly addNameTag next cb for ng-image-input-with-preview with tag latest
54 silly addNamed ng-image-input-with-preview@0.0.5
55 verbose addNamed "0.0.5" is a plain semver version for ng-image-input-with-preview
56 silly cache afterAdd ng-image-input-with-preview@0.0.5
57 verbose afterAdd /Users/Matt/.npm/ng-image-input-with-preview/0.0.5/package/package.json not in flight; writing
58 verbose correctMkdir /Users/Matt/.npm correctMkdir not in flight; initializing
59 verbose afterAdd /Users/Matt/.npm/ng-image-input-with-preview/0.0.5/package/package.json written
60 silly loadAllDepsIntoIdealTree Finishing
61 silly loadIdealTree Finishing
62 silly currentTree basstracker@1.0.0
62 silly currentTree ├── accepts@1.3.3
62 silly currentTree ├── angular-route@1.6.4
62 silly currentTree ├── append-field@0.1.0
62 silly currentTree ├── array-flatten@1.1.1
62 silly currentTree ├── async@2.1.4
62 silly currentTree ├── base64url@2.0.0
62 silly currentTree ├── basic-auth@1.1.0
62 silly currentTree ├── bcrypt-nodejs@0.0.3
62 silly currentTree ├── bluebird@2.10.2
62 silly currentTree ├─┬ body-parser@1.17.2
62 silly currentTree │ ├── debug@2.6.7
62 silly currentTree │ └── qs@6.4.0
62 silly currentTree ├── bson@1.0.4
62 silly currentTree ├── buffer-equal-constant-time@1.0.1
62 silly currentTree ├── buffer-shims@1.0.0
62 silly currentTree ├─┬ busboy@0.2.14
62 silly currentTree │ ├── isarray@0.0.1
62 silly currentTree │ ├── readable-stream@1.1.14
62 silly currentTree │ └── string_decoder@0.10.31
62 silly currentTree ├── bytes@2.4.0
62 silly currentTree ├── camel-case@1.2.2
62 silly currentTree ├── change-case@2.3.1
62 silly currentTree ├── concat-stream@1.6.0
62 silly currentTree ├── constant-case@1.1.2
62 silly currentTree ├── content-disposition@0.5.2
62 silly currentTree ├── content-type@1.0.2
62 silly currentTree ├── cookie-signature@1.0.6
62 silly currentTree ├── cookie@0.3.1
62 silly currentTree ├── core-util-is@1.0.2
62 silly currentTree ├── crc@3.4.4
62 silly currentTree ├── debug@2.6.8
62 silly currentTree ├── depd@1.1.1
62 silly currentTree ├── destroy@1.0.4
62 silly currentTree ├─┬ dicer@0.2.5
62 silly currentTree │ ├── isarray@0.0.1
62 silly currentTree │ ├── readable-stream@1.1.14
62 silly currentTree │ └── string_decoder@0.10.31
62 silly currentTree ├── dot-case@1.1.2
62 silly currentTree ├── ecdsa-sig-formatter@1.0.9
62 silly currentTree ├── ee-first@1.1.1
62 silly currentTree ├── encodeurl@1.0.1
62 silly currentTree ├── es6-promise@3.2.1
62 silly currentTree ├── escape-html@1.0.3
62 silly currentTree ├── etag@1.8.0
62 silly currentTree ├── express-session@1.15.5
62 silly currentTree ├── express@4.15.4
62 silly currentTree ├── finalhandler@1.0.4
62 silly currentTree ├── forwarded@0.1.0
62 silly currentTree ├── fresh@0.5.0
62 silly currentTree ├── hoek@2.16.3
62 silly currentTree ├── hooks-fixed@2.0.0
62 silly currentTree ├── http-errors@1.6.2
62 silly currentTree ├── iconv-lite@0.4.15
62 silly currentTree ├── inherits@2.0.3
62 silly currentTree ├── ipaddr.js@1.4.0
62 silly currentTree ├── is-lower-case@1.1.3
62 silly currentTree ├── is-upper-case@1.1.2
62 silly currentTree ├── is@3.2.1
62 silly currentTree ├── isarray@1.0.0
62 silly currentTree ├── isemail@1.2.0
62 silly currentTree ├── joi@6.10.1
62 silly currentTree ├── jsonwebtoken@7.4.3
62 silly currentTree ├── jwa@1.1.5
62 silly currentTree ├── jws@3.1.4
62 silly currentTree ├── kareem@1.5.0
62 silly currentTree ├── lodash.once@4.1.1
62 silly currentTree ├── lodash@4.17.4
62 silly currentTree ├── lower-case-first@1.0.2
62 silly currentTree ├── lower-case@1.1.4
62 silly currentTree ├── media-typer@0.3.0
62 silly currentTree ├── merge-descriptors@1.0.1
62 silly currentTree ├── methods@1.1.2
62 silly currentTree ├── mime-db@1.29.0
62 silly currentTree ├── mime-types@2.1.16
62 silly currentTree ├── mime@1.3.4
62 silly currentTree ├── minimist@0.0.8
62 silly currentTree ├── mkdirp@0.5.1
62 silly currentTree ├── moment@2.18.1
62 silly currentTree ├── mongodb-core@2.1.15
62 silly currentTree ├── mongodb@2.2.31
62 silly currentTree ├── mongoose-title-case@0.0.4
62 silly currentTree ├── mongoose-validator@1.3.2
62 silly currentTree ├── mongoose@4.11.7
62 silly currentTree ├── morgan@1.8.2
62 silly currentTree ├── mpath@0.3.0
62 silly currentTree ├── mpromise@0.5.5
62 silly currentTree ├─┬ mquery@2.3.1
62 silly currentTree │ └── sliced@0.0.5
62 silly currentTree ├── ms@2.0.0
62 silly currentTree ├── multer@1.3.0
62 silly currentTree ├── muri@1.2.2
62 silly currentTree ├── negotiator@0.6.1
62 silly currentTree ├── ng-file-upload@12.2.13
62 silly currentTree ├── oauth@0.9.15
62 silly currentTree ├── object-assign@3.0.0
62 silly currentTree ├── on-finished@2.3.0
62 silly currentTree ├── on-headers@1.0.1
62 silly currentTree ├── param-case@1.1.2
62 silly currentTree ├── parseurl@1.3.1
62 silly currentTree ├── pascal-case@1.1.2
62 silly currentTree ├── passport-facebook@2.1.1
62 silly currentTree ├── passport-oauth2@1.4.0
62 silly currentTree ├── passport-strategy@1.0.0
62 silly currentTree ├── passport@0.4.0
62 silly currentTree ├── path-case@1.1.2
62 silly currentTree ├── path-to-regexp@0.1.7
62 silly currentTree ├── pause@0.0.1
62 silly currentTree ├── process-nextick-args@1.0.7
62 silly currentTree ├── proxy-addr@1.1.5
62 silly currentTree ├── qs@6.5.0
62 silly currentTree ├── random-bytes@1.0.0
62 silly currentTree ├── range-parser@1.2.0
62 silly currentTree ├── raw-body@2.2.0
62 silly currentTree ├── readable-stream@2.2.7
62 silly currentTree ├── regexp-clone@0.0.1
62 silly currentTree ├── require_optional@1.0.1
62 silly currentTree ├── resolve-from@2.0.0
62 silly currentTree ├── safe-buffer@5.1.1
62 silly currentTree ├── semver@5.4.1
62 silly currentTree ├── send@0.15.4
62 silly currentTree ├── sentence-case@1.1.3
62 silly currentTree ├── serve-static@1.12.4
62 silly currentTree ├── setprototypeof@1.0.3
62 silly currentTree ├── sliced@1.0.1
62 silly currentTree ├── snake-case@1.1.2
62 silly currentTree ├── statuses@1.3.1
62 silly currentTree ├── streamsearch@0.1.2
62 silly currentTree ├── string_decoder@1.0.3
62 silly currentTree ├── swap-case@1.1.2
62 silly currentTree ├── title-case@1.1.2
62 silly currentTree ├── topo@1.1.0
62 silly currentTree ├── type-is@1.6.15
62 silly currentTree ├── typedarray@0.0.6
62 silly currentTree ├── uid-safe@2.1.5
62 silly currentTree ├── uid2@0.0.3
62 silly currentTree ├── unpipe@1.0.0
62 silly currentTree ├── upper-case-first@1.1.2
62 silly currentTree ├── upper-case@1.1.3
62 silly currentTree ├── util-deprecate@1.0.2
62 silly currentTree ├── utils-merge@1.0.0
62 silly currentTree ├── validator@7.2.0
62 silly currentTree ├── vary@1.1.1
62 silly currentTree └── xtend@4.0.1
63 silly idealTree basstracker@1.0.0
63 silly idealTree ├── accepts@1.3.3
63 silly idealTree ├── angular-route@1.6.4
63 silly idealTree ├── append-field@0.1.0
63 silly idealTree ├── array-flatten@1.1.1
63 silly idealTree ├── async@2.1.4
63 silly idealTree ├── base64url@2.0.0
63 silly idealTree ├── basic-auth@1.1.0
63 silly idealTree ├── bcrypt-nodejs@0.0.3
63 silly idealTree ├── bluebird@2.10.2
63 silly idealTree ├─┬ body-parser@1.17.2
63 silly idealTree │ ├── debug@2.6.7
63 silly idealTree │ └── qs@6.4.0
63 silly idealTree ├── bson@1.0.4
63 silly idealTree ├── buffer-equal-constant-time@1.0.1
63 silly idealTree ├── buffer-shims@1.0.0
63 silly idealTree ├─┬ busboy@0.2.14
63 silly idealTree │ ├── isarray@0.0.1
63 silly idealTree │ ├── readable-stream@1.1.14
63 silly idealTree │ └── string_decoder@0.10.31
63 silly idealTree ├── bytes@2.4.0
63 silly idealTree ├── camel-case@1.2.2
63 silly idealTree ├── change-case@2.3.1
63 silly idealTree ├── concat-stream@1.6.0
63 silly idealTree ├── constant-case@1.1.2
63 silly idealTree ├── content-disposition@0.5.2
63 silly idealTree ├── content-type@1.0.2
63 silly idealTree ├── cookie-signature@1.0.6
63 silly idealTree ├── cookie@0.3.1
63 silly idealTree ├── core-util-is@1.0.2
63 silly idealTree ├── crc@3.4.4
63 silly idealTree ├── debug@2.6.8
63 silly idealTree ├── depd@1.1.1
63 silly idealTree ├── destroy@1.0.4
63 silly idealTree ├─┬ dicer@0.2.5
63 silly idealTree │ ├── isarray@0.0.1
63 silly idealTree │ ├── readable-stream@1.1.14
63 silly idealTree │ └── string_decoder@0.10.31
63 silly idealTree ├── dot-case@1.1.2
63 silly idealTree ├── ecdsa-sig-formatter@1.0.9
63 silly idealTree ├── ee-first@1.1.1
63 silly idealTree ├── encodeurl@1.0.1
63 silly idealTree ├── es6-promise@3.2.1
63 silly idealTree ├── escape-html@1.0.3
63 silly idealTree ├── etag@1.8.0
63 silly idealTree ├── express-session@1.15.5
63 silly idealTree ├── express@4.15.4
63 silly idealTree ├── finalhandler@1.0.4
63 silly idealTree ├── forwarded@0.1.0
63 silly idealTree ├── fresh@0.5.0
63 silly idealTree ├── hoek@2.16.3
63 silly idealTree ├── hooks-fixed@2.0.0
63 silly idealTree ├── http-errors@1.6.2
63 silly idealTree ├── iconv-lite@0.4.15
63 silly idealTree ├── inherits@2.0.3
63 silly idealTree ├── ipaddr.js@1.4.0
63 silly idealTree ├── is-lower-case@1.1.3
63 silly idealTree ├── is-upper-case@1.1.2
63 silly idealTree ├── is@3.2.1
63 silly idealTree ├── isarray@1.0.0
63 silly idealTree ├── isemail@1.2.0
63 silly idealTree ├── joi@6.10.1
63 silly idealTree ├── jsonwebtoken@7.4.3
63 silly idealTree ├── jwa@1.1.5
63 silly idealTree ├── jws@3.1.4
63 silly idealTree ├── kareem@1.5.0
63 silly idealTree ├── lodash.once@4.1.1
63 silly idealTree ├── lodash@4.17.4
63 silly idealTree ├── lower-case-first@1.0.2
63 silly idealTree ├── lower-case@1.1.4
63 silly idealTree ├── media-typer@0.3.0
63 silly idealTree ├── merge-descriptors@1.0.1
63 silly idealTree ├── methods@1.1.2
63 silly idealTree ├── mime-db@1.29.0
63 silly idealTree ├── mime-types@2.1.16
63 silly idealTree ├── mime@1.3.4
63 silly idealTree ├── minimist@0.0.8
63 silly idealTree ├── mkdirp@0.5.1
63 silly idealTree ├── moment@2.18.1
63 silly idealTree ├── mongodb-core@2.1.15
63 silly idealTree ├── mongodb@2.2.31
63 silly idealTree ├── mongoose-title-case@0.0.4
63 silly idealTree ├── mongoose-validator@1.3.2
63 silly idealTree ├── mongoose@4.11.7
63 silly idealTree ├── morgan@1.8.2
63 silly idealTree ├── mpath@0.3.0
63 silly idealTree ├── mpromise@0.5.5
63 silly idealTree ├─┬ mquery@2.3.1
63 silly idealTree │ └── sliced@0.0.5
63 silly idealTree ├── ms@2.0.0
63 silly idealTree ├── multer@1.3.0
63 silly idealTree ├── muri@1.2.2
63 silly idealTree ├── negotiator@0.6.1
63 silly idealTree ├── ng-file-upload@12.2.13
63 silly idealTree ├── ng-image-input-with-preview@0.0.5
63 silly idealTree ├── oauth@0.9.15
63 silly idealTree ├── object-assign@3.0.0
63 silly idealTree ├── on-finished@2.3.0
63 silly idealTree ├── on-headers@1.0.1
63 silly idealTree ├── param-case@1.1.2
63 silly idealTree ├── parseurl@1.3.1
63 silly idealTree ├── pascal-case@1.1.2
63 silly idealTree ├── passport-facebook@2.1.1
63 silly idealTree ├── passport-oauth2@1.4.0
63 silly idealTree ├── passport-strategy@1.0.0
63 silly idealTree ├── passport@0.4.0
63 silly idealTree ├── path-case@1.1.2
63 silly idealTree ├── path-to-regexp@0.1.7
63 silly idealTree ├── pause@0.0.1
63 silly idealTree ├── process-nextick-args@1.0.7
63 silly idealTree ├── proxy-addr@1.1.5
63 silly idealTree ├── qs@6.5.0
63 silly idealTree ├── random-bytes@1.0.0
63 silly idealTree ├── range-parser@1.2.0
63 silly idealTree ├── raw-body@2.2.0
63 silly idealTree ├── readable-stream@2.2.7
63 silly idealTree ├── regexp-clone@0.0.1
63 silly idealTree ├── require_optional@1.0.1
63 silly idealTree ├── resolve-from@2.0.0
63 silly idealTree ├── safe-buffer@5.1.1
63 silly idealTree ├── semver@5.4.1
63 silly idealTree ├── send@0.15.4
63 silly idealTree ├── sentence-case@1.1.3
63 silly idealTree ├── serve-static@1.12.4
63 silly idealTree ├── setprototypeof@1.0.3
63 silly idealTree ├── sliced@1.0.1
63 silly idealTree ├── snake-case@1.1.2
63 silly idealTree ├── statuses@1.3.1
63 silly idealTree ├── streamsearch@0.1.2
63 silly idealTree ├── string_decoder@1.0.3
63 silly idealTree ├── swap-case@1.1.2
63 silly idealTree ├── title-case@1.1.2
63 silly idealTree ├── topo@1.1.0
63 silly idealTree ├── type-is@1.6.15
63 silly idealTree ├── typedarray@0.0.6
63 silly idealTree ├── uid-safe@2.1.5
63 silly idealTree ├── uid2@0.0.3
63 silly idealTree ├── unpipe@1.0.0
63 silly idealTree ├── upper-case-first@1.1.2
63 silly idealTree ├── upper-case@1.1.3
63 silly idealTree ├── util-deprecate@1.0.2
63 silly idealTree ├── utils-merge@1.0.0
63 silly idealTree ├── validator@7.2.0
63 silly idealTree ├── vary@1.1.1
63 silly idealTree └── xtend@4.0.1
64 silly generateActionsToTake Starting
65 silly install generateActionsToTake
66 silly generateActionsToTake Finishing
67 silly diffTrees action count 1
68 silly diffTrees add ng-image-input-with-preview@0.0.5
69 silly decomposeActions action count 8
70 silly decomposeActions fetch ng-image-input-with-preview@0.0.5
71 silly decomposeActions extract ng-image-input-with-preview@0.0.5
72 silly decomposeActions test ng-image-input-with-preview@0.0.5
73 silly decomposeActions preinstall ng-image-input-with-preview@0.0.5
74 silly decomposeActions build ng-image-input-with-preview@0.0.5
75 silly decomposeActions install ng-image-input-with-preview@0.0.5
76 silly decomposeActions postinstall ng-image-input-with-preview@0.0.5
77 silly decomposeActions finalize ng-image-input-with-preview@0.0.5
78 silly runTopLevelLifecycles Starting
79 silly executeActions Starting
80 silly install executeActions
81 silly doSerial global-install 0
82 silly doParallel fetch 1
83 verbose correctMkdir /Users/Matt/.npm/_locks correctMkdir not in flight; initializing
84 verbose lock using /Users/Matt/.npm/_locks/staging-9531704474930063.lock for /Users/Matt/Desktop/BassTracker/node_modules/.staging
85 silly doParallel extract 1
86 silly extract ng-image-input-with-preview@0.0.5
87 verbose unbuild node_modules/.staging/ng-image-input-with-preview-d162fc84
88 silly gentlyRm /Users/Matt/Desktop/BassTracker/node_modules/.staging/ng-image-input-with-preview-d162fc84 is being purged from base /Users/Matt/Desktop/BassTracker
89 verbose gentlyRm don't care about contents; nuking /Users/Matt/Desktop/BassTracker/node_modules/.staging/ng-image-input-with-preview-d162fc84
90 verbose tar unpack /Users/Matt/.npm/ng-image-input-with-preview/0.0.5/package.tgz
91 verbose tar unpacking to /Users/Matt/Desktop/BassTracker/node_modules/.staging/ng-image-input-with-preview-d162fc84
92 silly gentlyRm /Users/Matt/Desktop/BassTracker/node_modules/.staging/ng-image-input-with-preview-d162fc84 is being purged
93 verbose gentlyRm don't care about contents; nuking /Users/Matt/Desktop/BassTracker/node_modules/.staging/ng-image-input-with-preview-d162fc84
94 silly gunzTarPerm modes [ '755', '644' ]
95 silly gunzTarPerm extractEntry package.json
96 silly gunzTarPerm extractEntry .npmignore
97 silly gunzTarPerm extractEntry README.md
98 silly gunzTarPerm extractEntry LICENSE
99 silly gunzTarPerm extractEntry Gruntfile.js
100 silly gunzTarPerm extractEntry .jshintrc
101 silly gunzTarPerm extractEntry bower.json
102 silly gunzTarPerm extractEntry .travis.yml
103 silly gunzTarPerm extractEntry demo/app.js
104 silly gunzTarPerm extractEntry demo/index.html
105 silly gunzTarPerm extractEntry demo/style.less
106 silly gunzTarPerm extractEntry dist/ng-image-input-with-preview.js
107 silly gunzTarPerm extractEntry dist/ng-image-input-with-preview.min.js
108 silly gunzTarPerm extractEntry dist/ng-image-input-with-preview.css
109 silly gunzTarPerm extractEntry dist/ng-image-input-with-preview.min.css
110 silly gunzTarPerm extractEntry tasks/files.js
111 silly gunzTarPerm extractEntry tasks/helpers.js
112 silly gunzTarPerm extractEntry tasks/options/bump.js
113 silly gunzTarPerm extractEntry tasks/options/coveralls.js
114 silly gunzTarPerm extractEntry tasks/options/jshint.js
115 silly gunzTarPerm extractEntry tasks/options/karma.js
116 silly gunzTarPerm extractEntry tasks/options/connect.js
117 silly gunzTarPerm extractEntry tasks/options/ngAnnotate.js
118 silly gunzTarPerm extractEntry tasks/options/npm-contributors.js
119 silly gunzTarPerm extractEntry tasks/options/parallel.js
120 silly gunzTarPerm extractEntry tasks/options/shell.js
121 silly gunzTarPerm extractEntry tasks/options/uglify.js
122 silly gunzTarPerm extractEntry tasks/options/concat.js
123 silly gunzTarPerm extractEntry tasks/options/watch.js
124 silly gunzTarPerm extractEntry tasks/options/less.js
125 silly gunzTarPerm extractEntry tasks/templates/banner-min.tpl
126 silly gunzTarPerm extractEntry tasks/templates/banner.tpl
127 silly gunzTarPerm extractEntry tasks/templates/wrap-bottom.tpl
128 silly gunzTarPerm extractEntry tasks/templates/wrap-top.tpl
129 silly gunzTarPerm extractEntry src/js/fileReader.service.js
130 silly gunzTarPerm extractEntry src/js/imageWithPreview.directive.js
131 silly gunzTarPerm extractEntry src/less/style.less
132 silly gunzTarPerm extractEntry test/unit/SpecHelper.js
133 silly gunzTarPerm extractEntry test/unit/imageWithPreview.directiveSpec.js
134 silly gunzTarPerm extractEntry test/unit/setupSpec.js
135 silly gentlyRm /Users/Matt/Desktop/BassTracker/node_modules/.staging/ng-image-input-with-preview-d162fc84/node_modules is being purged
136 verbose gentlyRm don't care about contents; nuking /Users/Matt/Desktop/BassTracker/node_modules/.staging/ng-image-input-with-preview-d162fc84/node_modules
137 silly doParallel preinstall 1
138 silly preinstall ng-image-input-with-preview@0.0.5 /Users/Matt/Desktop/BassTracker/node_modules/.staging/ng-image-input-with-preview-d162fc84
139 info lifecycle ng-image-input-with-preview@0.0.5~preinstall: ng-image-input-with-preview@0.0.5
140 silly lifecycle ng-image-input-with-preview@0.0.5~preinstall: no script for preinstall, continuing
141 silly doReverseSerial remove 0
142 silly doSerial move 0
143 silly doSerial finalize 1
144 silly finalize /Users/Matt/Desktop/BassTracker/node_modules/ng-image-input-with-preview
145 silly doSerial build 1
146 silly build ng-image-input-with-preview@0.0.5
147 info linkStuff ng-image-input-with-preview@0.0.5
148 silly linkStuff ng-image-input-with-preview@0.0.5 has /Users/Matt/Desktop/BassTracker/node_modules as its parent node_modules
149 verbose linkBins ng-image-input-with-preview@0.0.5
150 verbose linkMans ng-image-input-with-preview@0.0.5
151 silly doSerial global-link 0
152 silly doParallel update-linked 0
153 silly doSerial install 1
154 silly install ng-image-input-with-preview@0.0.5 /Users/Matt/Desktop/BassTracker/node_modules/.staging/ng-image-input-with-preview-d162fc84
155 info lifecycle ng-image-input-with-preview@0.0.5~install: ng-image-input-with-preview@0.0.5
156 silly lifecycle ng-image-input-with-preview@0.0.5~install: no script for install, continuing
157 silly doSerial postinstall 1
158 silly postinstall ng-image-input-with-preview@0.0.5 /Users/Matt/Desktop/BassTracker/node_modules/.staging/ng-image-input-with-preview-d162fc84
159 info lifecycle ng-image-input-with-preview@0.0.5~postinstall: ng-image-input-with-preview@0.0.5
160 verbose lifecycle ng-image-input-with-preview@0.0.5~postinstall: unsafe-perm in lifecycle true
161 verbose lifecycle ng-image-input-with-preview@0.0.5~postinstall: PATH: /usr/local/lib/node_modules/npm/bin/node-gyp-bin:/Users/Matt/Desktop/BassTracker/node_modules/ng-image-input-with-preview/node_modules/.bin:/Users/Matt/Desktop/BassTracker/node_modules/.bin:/Users/Matt/.rvm/gems/ruby-2.3.1/bin:/Users/Matt/.rvm/gems/ruby-2.3.1@global/bin:/Users/Matt/.rvm/rubies/ruby-2.3.1/bin:/usr/local/heroku/bin:/usr/local/bin:/usr/local/sbin:~/bin:/usr/local/bin:/usr/bin:/bin:/usr/sbin:/sbin:/Users/Matt/.rvm/bin
162 verbose lifecycle ng-image-input-with-preview@0.0.5~postinstall: CWD: /Users/Matt/Desktop/BassTracker/node_modules/ng-image-input-with-preview
163 silly lifecycle ng-image-input-with-preview@0.0.5~postinstall: Args: [ '-c',
163 silly lifecycle   'bower install && ln -sf ./node_modules/grunt-cli/bin/grunt ./grunt && ./grunt build' ]
164 info lifecycle ng-image-input-with-preview@0.0.5~postinstall: Failed to exec postinstall script
165 verbose unlock done using /Users/Matt/.npm/_locks/staging-9531704474930063.lock for /Users/Matt/Desktop/BassTracker/node_modules/.staging
166 silly rollbackFailedOptional Starting
167 silly rollbackFailedOptional Finishing
168 silly runTopLevelLifecycles Finishing
169 silly install printInstalled
170 warn basstracker@1.0.0 No description
171 verbose If you need help, you may report this error at:
171 verbose     <https://github.com/npm/npm/issues>
172 warn basstracker@1.0.0 No repository field.
173 verbose If you need help, you may report this error at:
173 verbose     <https://github.com/npm/npm/issues>
174 verbose stack Error: ng-image-input-with-preview@0.0.5 postinstall: `bower install && ln -sf ./node_modules/grunt-cli/bin/grunt ./grunt && ./grunt build`
174 verbose stack spawn ENOENT
174 verbose stack     at ChildProcess.<anonymous> (/usr/local/lib/node_modules/npm/lib/utils/spawn.js:33:16)
174 verbose stack     at emitTwo (events.js:106:13)
174 verbose stack     at ChildProcess.emit (events.js:191:7)
174 verbose stack     at maybeClose (internal/child_process.js:891:16)
174 verbose stack     at Process.ChildProcess._handle.onexit (internal/child_process.js:226:5)
175 verbose pkgid ng-image-input-with-preview@0.0.5
176 verbose cwd /Users/Matt/Desktop/BassTracker
177 error Darwin 16.7.0
178 error argv "/usr/local/bin/node" "/usr/local/bin/npm" "install" "--save" "ng-image-input-with-preview"
179 error node v6.11.2
180 error npm  v3.10.10
181 error file sh
182 error code ELIFECYCLE
183 error errno ENOENT
184 error syscall spawn
185 error ng-image-input-with-preview@0.0.5 postinstall: `bower install && ln -sf ./node_modules/grunt-cli/bin/grunt ./grunt && ./grunt build`
185 error spawn ENOENT
186 error Failed at the ng-image-input-with-preview@0.0.5 postinstall script 'bower install && ln -sf ./node_modules/grunt-cli/bin/grunt ./grunt && ./grunt build'.
186 error Make sure you have the latest version of node.js and npm installed.
186 error If you do, this is most likely a problem with the ng-image-input-with-preview package,
186 error not with npm itself.
186 error Tell the author that this fails on your system:
186 error     bower install && ln -sf ./node_modules/grunt-cli/bin/grunt ./grunt && ./grunt build
186 error You can get information on how to open an issue for this project with:
186 error     npm bugs ng-image-input-with-preview
186 error Or if that isn't available, you can get their info via:
186 error     npm owner ls ng-image-input-with-preview
186 error There is likely additional logging output above.
187 verbose exit [ 1, true ]
